[15:15:22] [Client thread/INFO]: Setting user: Player917
[15:15:22] [Client thread/INFO]: (Session ID is token:0:Player917)
[15:15:23] [Client thread/INFO]: [OptiFine] *** Reflector Forge ***
[15:15:23] [Client thread/INFO]: [OptiFine] (Reflector) Class not present: net.minecraftforge.client.model.Attributes
[15:15:23] [Client thread/INFO]: [OptiFine] (Reflector) Class not present: mods.betterfoliage.client.BetterFoliageClient
[15:15:23] [Client thread/INFO]: [OptiFine] (Reflector) Class not present: net.minecraftforge.fml.common.asm.transformers.BlamingTransformer
[15:15:23] [Client thread/INFO]: [OptiFine] (Reflector) Class not present: net.minecraftforge.event.world.ChunkWatchEvent$UnWatch
[15:15:23] [Client thread/INFO]: [OptiFine] (Reflector) Class not present: net.minecraftforge.fml.relauncher.CoreModManager
[15:15:23] [Client thread/INFO]: [OptiFine] (Reflector) Class not present: net.minecraftforge.common.DimensionManager
[15:15:23] [Client thread/INFO]: [OptiFine] (Reflector) Class not present: net.minecraftforge.client.event.GuiScreenEvent$DrawScreenEvent$Pre
[15:15:23] [Client thread/INFO]: [OptiFine] (Reflector) Class not present: net.minecraftforge.client.event.GuiScreenEvent$DrawScreenEvent$Post
[15:15:23] [Client thread/INFO]: [OptiFine] (Reflector) Class not present: net.minecraftforge.client.event.EntityViewRenderEvent$CameraSetup
[15:15:23] [Client thread/INFO]: [OptiFine] (Reflector) Class not present: net.minecraftforge.client.event.EntityViewRenderEvent$FogColors
[15:15:23] [Client thread/INFO]: [OptiFine] (Reflector) Class not present: net.minecraftforge.fml.common.eventhandler.Event
[15:15:23] [Client thread/INFO]: [OptiFine] (Reflector) Class not present: net.minecraftforge.fml.common.eventhandler.EventBus
[15:15:23] [Client thread/INFO]: [OptiFine] (Reflector) Class not present: net.minecraftforge.fml.common.eventhandler.Event$Result
[15:15:23] [Client thread/INFO]: [OptiFine] (Reflector) Class not present: net.minecraftforge.common.property.ExtendedBlockState
[15:15:23] [Client thread/INFO]: [OptiFine] (Reflector) Class not present: net.minecraftforge.fml.client.FMLClientHandler
[15:15:23] [Client thread/INFO]: [OptiFine] (Reflector) Class not present: net.minecraftforge.fml.common.FMLCommonHandler
[15:15:23] [Client thread/INFO]: [OptiFine] (Reflector) Method not present: net.minecraft.world.biome.BiomeGenBase.getWaterColorMultiplier
[15:15:23] [Client thread/INFO]: [OptiFine] (Reflector) Method not present: net.minecraft.block.Block.addDestroyEffects
[15:15:23] [Client thread/INFO]: [OptiFine] (Reflector) Method not present: net.minecraft.block.Block.addHitEffects
[15:15:23] [Client thread/INFO]: [OptiFine] (Reflector) Method not present: net.minecraft.block.Block.canCreatureSpawn
[15:15:23] [Client thread/INFO]: [OptiFine] (Reflector) Method not present: net.minecraft.block.Block.canRenderInLayer
[15:15:23] [Client thread/INFO]: [OptiFine] (Reflector) Method not present: net.minecraft.block.Block.doesSideBlockRendering
[15:15:23] [Client thread/INFO]: [OptiFine] (Reflector) Method not present: net.minecraft.block.Block.getBedDirection
[15:15:23] [Client thread/INFO]: [OptiFine] (Reflector) Method not present: net.minecraft.block.Block.getExtendedState
[15:15:23] [Client thread/INFO]: [OptiFine] (Reflector) Method not present: net.minecraft.block.Block.hasTileEntity
[15:15:23] [Client thread/INFO]: [OptiFine] (Reflector) Method not present: net.minecraft.block.Block.isAir
[15:15:23] [Client thread/INFO]: [OptiFine] (Reflector) Method not present: net.minecraft.block.Block.isBed
[15:15:23] [Client thread/INFO]: [OptiFine] (Reflector) Method not present: net.minecraft.block.Block.isBedFoot
[15:15:23] [Client thread/INFO]: [OptiFine] (Reflector) Method not present: net.minecraft.block.Block.isSideSolid
[15:15:23] [Client thread/INFO]: [OptiFine] (Reflector) Method not present: net.minecraft.entity.Entity.canRiderInteract
[15:15:23] [Client thread/INFO]: [OptiFine] (Reflector) Field not present: net.minecraft.entity.Entity.captureDrops
[15:15:23] [Client thread/INFO]: [OptiFine] (Reflector) Field not present: net.minecraft.entity.Entity.capturedDrops
[15:15:23] [Client thread/INFO]: [OptiFine] (Reflector) Method not present: net.minecraft.entity.Entity.shouldRenderInPass
[15:15:23] [Client thread/INFO]: [OptiFine] (Reflector) Method not present: net.minecraft.entity.Entity.shouldRiderSit
[15:15:23] [Client thread/INFO]: [OptiFine] (Reflector) Class not present: net.minecraftforge.event.ForgeEventFactory
[15:15:23] [Client thread/INFO]: [OptiFine] (Reflector) Class not present: net.minecraftforge.common.ForgeHooks
[15:15:23] [Client thread/INFO]: [OptiFine] (Reflector) Class not present: net.minecraftforge.client.ForgeHooksClient
[15:15:23] [Client thread/INFO]: [OptiFine] (Reflector) Method not present: net.minecraft.item.Item.getDurabilityForDisplay
[15:15:23] [Client thread/INFO]: [OptiFine] (Reflector) Method not present: net.minecraft.item.Item.getModel
[15:15:23] [Client thread/INFO]: [OptiFine] (Reflector) Method not present: net.minecraft.item.Item.onEntitySwing
[15:15:23] [Client thread/INFO]: [OptiFine] (Reflector) Method not present: net.minecraft.item.Item.shouldCauseReequipAnimation
[15:15:23] [Client thread/INFO]: [OptiFine] (Reflector) Method not present: net.minecraft.item.Item.showDurabilityBar
[15:15:23] [Client thread/INFO]: [OptiFine] (Reflector) Method not present: net.minecraft.item.ItemRecord.getRecordResource
[15:15:23] [Client thread/INFO]: [OptiFine] (Reflector) Class not present: net.minecraftforge.common.ForgeModContainer
[15:15:23] [Client thread/INFO]: [OptiFine] (Reflector) Method not present: net.minecraft.potion.PotionEffect.isCurativeItem
[15:15:23] [Client thread/INFO]: [OptiFine] (Reflector) Method not present: net.minecraft.tileentity.TileEntity.canRenderBreaking
[15:15:23] [Client thread/INFO]: [OptiFine] (Reflector) Method not present: net.minecraft.tileentity.TileEntity.getRenderBoundingBox
[15:15:23] [Client thread/INFO]: [OptiFine] (Reflector) Method not present: net.minecraft.tileentity.TileEntity.hasFastRenderer
[15:15:23] [Client thread/INFO]: [OptiFine] (Reflector) Method not present: net.minecraft.tileentity.TileEntity.shouldRenderInPass
[15:15:23] [Client thread/INFO]: [OptiFine] (Reflector) Method not present: net.minecraft.client.renderer.tileentity.TileEntityRendererDispatcher.preDrawBatch
[15:15:23] [Client thread/INFO]: [OptiFine] (Reflector) Method not present: net.minecraft.client.renderer.tileentity.TileEntityRendererDispatcher.drawBatch
[15:15:23] [Client thread/INFO]: [OptiFine] (Reflector) Method not present: net.minecraft.client.renderer.vertex.VertexFormatElement$EnumUsage.preDraw
[15:15:23] [Client thread/INFO]: [OptiFine] (Reflector) Method not present: net.minecraft.client.renderer.vertex.VertexFormatElement$EnumUsage.postDraw
[15:15:23] [Client thread/INFO]: [OptiFine] (Reflector) Method not present: net.minecraft.world.World.countEntities
[15:15:23] [Client thread/INFO]: [OptiFine] (Reflector) Method not present: net.minecraft.world.World.getPerWorldStorage
[15:15:23] [Client thread/INFO]: [OptiFine] (Reflector) Method not present: net.minecraft.world.WorldProvider.getCloudRenderer
[15:15:23] [Client thread/INFO]: [OptiFine] (Reflector) Method not present: net.minecraft.world.WorldProvider.getSkyRenderer
[15:15:23] [Client thread/INFO]: [OptiFine] (Reflector) Method not present: net.minecraft.world.WorldProvider.getWeatherRenderer
[15:15:23] [Client thread/INFO]: [OptiFine] (Reflector) Class not present: net.minecraftforge.fml.client.GuiModList
[15:15:23] [Client thread/INFO]: [OptiFine] (Reflector) Class not present: net.minecraftforge.client.model.IColoredBakedQuad
[15:15:23] [Client thread/INFO]: [OptiFine] (Reflector) Class not present: net.minecraftforge.common.property.IExtendedBlockState
[15:15:23] [Client thread/INFO]: [OptiFine] (Reflector) Class not present: net.minecraftforge.client.IRenderHandler
[15:15:23] [Client thread/INFO]: [OptiFine] (Reflector) Class not present: net.minecraftforge.client.model.ISmartBlockModel
[15:15:23] [Client thread/INFO]: [OptiFine] (Reflector) Class not present: net.minecraftforge.client.ItemModelMesherForge
[15:15:23] [Client thread/INFO]: [OptiFine] (Reflector) Class not present: net.minecraft.launchwrapper.Launch
[15:15:23] [Client thread/INFO]: [OptiFine] (Reflector) Class not present: net.minecraftforge.client.model.pipeline.LightUtil
[15:15:23] [Client thread/INFO]: [OptiFine] (Reflector) Class not present: net.minecraftforge.common.MinecraftForge
[15:15:23] [Client thread/INFO]: [OptiFine] (Reflector) Class not present: net.minecraftforge.client.MinecraftForgeClient
[15:15:23] [Client thread/INFO]: [OptiFine] (Reflector) Class not present: net.minecraftforge.client.model.ModelLoader
[15:15:23] [Client thread/INFO]: [OptiFine] (Reflector) Class not present: net.minecraftforge.client.event.RenderBlockOverlayEvent$OverlayType
[15:15:23] [Client thread/INFO]: [OptiFine] (Reflector) Class not present: net.minecraftforge.fml.client.registry.RenderingRegistry
[15:15:23] [Client thread/INFO]: [OptiFine] (Reflector) Class not present: net.minecraftforge.client.event.RenderItemInFrameEvent
[15:15:23] [Client thread/INFO]: [OptiFine] (Reflector) Class not present: net.minecraftforge.client.event.RenderLivingEvent$Pre
[15:15:23] [Client thread/INFO]: [OptiFine] (Reflector) Class not present: net.minecraftforge.client.event.RenderLivingEvent$Post
[15:15:23] [Client thread/INFO]: [OptiFine] (Reflector) Class not present: net.minecraftforge.client.event.RenderLivingEvent$Specials$Pre
[15:15:23] [Client thread/INFO]: [OptiFine] (Reflector) Class not present: net.minecraftforge.client.event.RenderLivingEvent$Specials$Post
[15:15:23] [Client thread/INFO]: [OptiFine] (Reflector) Class not present: net.minecraftforge.fml.client.SplashProgress
[15:15:23] [Client thread/INFO]: [OptiFine] (Reflector) Class not present: net.minecraftforge.event.world.WorldEvent$Load
[15:15:23] [Client thread/INFO]: [OptiFine] *** Reflector Vanilla ***
[15:15:24] [Client thread/INFO]: [OptiFine] (Reflector) Class not present: optifine.OptiFineClassTransformer
[15:15:24] [Client thread/INFO]: LWJGL Version: 2.9.4
[15:15:24] [Client thread/INFO]: [OptiFine] 
[15:15:24] [Client thread/INFO]: [OptiFine] OptiFine_1.8.8_HD_U_H8
[15:15:24] [Client thread/INFO]: [OptiFine] Build: null
[15:15:24] [Client thread/INFO]: [OptiFine] OS: Linux (amd64) version 5.9.16-1-MANJARO
[15:15:24] [Client thread/INFO]: [OptiFine] Java: 1.8.0_111, Oracle Corporation
[15:15:24] [Client thread/INFO]: [OptiFine] VM: Java HotSpot(TM) 64-Bit Server VM (mixed mode), Oracle Corporation
[15:15:24] [Client thread/INFO]: [OptiFine] LWJGL: 2.9.4
[15:15:24] [Client thread/INFO]: [OptiFine] OpenGL: GeForce GTX 1660 SUPER/PCIe/SSE2, version 4.6.0 NVIDIA 460.67, NVIDIA Corporation
[15:15:24] [Client thread/INFO]: [OptiFine] OpenGL Version: 4.6.0
[15:15:24] [Client thread/INFO]: [OptiFine] Maximum texture size: 32768x32768
[15:15:24] [Thread-6/INFO]: [OptiFine] Checking for new version
[15:15:24] [Client thread/INFO]: [Shaders] ShadersMod version: 2.4.12
[15:15:24] [Client thread/INFO]: [Shaders] OpenGL Version: 4.6.0 NVIDIA 460.67
[15:15:24] [Client thread/INFO]: [Shaders] Vendor:  NVIDIA Corporation
[15:15:24] [Client thread/INFO]: [Shaders] Renderer: GeForce GTX 1660 SUPER/PCIe/SSE2
[15:15:24] [Client thread/INFO]: [Shaders] Capabilities:  2.0  2.1  3.0  3.2  4.0 
[15:15:24] [Client thread/INFO]: [Shaders] GL_MAX_DRAW_BUFFERS: 8
[15:15:24] [Client thread/INFO]: [Shaders] GL_MAX_COLOR_ATTACHMENTS_EXT: 8
[15:15:24] [Client thread/INFO]: [Shaders] GL_MAX_TEXTURE_IMAGE_UNITS: 32
[15:15:24] [Client thread/INFO]: [Shaders] Load ShadersMod configuration.
[15:15:24] [Client thread/INFO]: [Shaders] Shaders can not be loaded, Fast Render is enabled.
[15:15:24] [Client thread/INFO]: [Shaders] No shaderpack loaded.
[15:15:24] [Client thread/INFO]: Reloading ResourceManager: Default, Hypfault
[15:15:24] [Client thread/INFO]: [OptiFine] *** Reloading textures ***
[15:15:24] [Client thread/INFO]: [OptiFine] Resource packs: Hypfault
[15:15:25] [Thread-6/INFO]: [OptiFine] Version found: I7
[15:15:25] [Client thread/ERROR]: Couldn't initialize twitch stream
[15:15:25] [Sound Library Loader/INFO]: Starting up SoundSystem...
[15:15:25] [Client thread/INFO]: [OptiFine] Loading mcpatcher/font/ascii.properties
[15:15:25] [Client thread/INFO]: [OptiFine] Loading mcpatcher/font/ascii_sga.properties
[15:15:25] [Thread-7/INFO]: Initializing LWJGL OpenAL
[15:15:25] [Thread-7/INFO]: (The LWJGL binding of OpenAL.  For more information, see http://www.lwjgl.org)
[15:15:25] [Thread-7/INFO]: OpenAL initialized.
[15:15:25] [Sound Library Loader/INFO]: Sound engine started
[15:15:26] [Client thread/INFO]: [OptiFine] Mipmap levels: 4
[15:15:26] [Client thread/INFO]: [OptiFine] Multitexture: false
[15:15:26] [Client thread/INFO]: Created: 512x512 textures-atlas
[15:15:26] [Client thread/INFO]: [OptiFine] RandomMobs: textures/entity/chicken.png, variants: 5
[15:15:26] [Client thread/INFO]: [OptiFine] RandomMobs: textures/entity/cow/cow.png, variants: 10
[15:15:26] [Client thread/INFO]: [OptiFine] RandomMobs: textures/entity/squid.png, variants: 4
[15:15:26] [Thread-9/INFO]: Logging in with username & password
[15:15:26] [Client thread/INFO]: [OptiFine] *** Reloading custom textures ***
[15:15:26] [Client thread/INFO]: [OptiFine] CustomColors: Colormap mcpatcher/colormap/water.png
[15:15:26] [Client thread/INFO]: [OptiFine] CustomColors: Colormap mcpatcher/colormap/pine.png
[15:15:26] [Client thread/INFO]: [OptiFine] CustomColors: Colormap mcpatcher/colormap/birch.png
[15:15:26] [Client thread/INFO]: [OptiFine] CustomColors: Colormap mcpatcher/colormap/swampgrass.png
[15:15:26] [Client thread/INFO]: [OptiFine] CustomColors: Colormap mcpatcher/colormap/swampfoliage.png
[15:15:26] [Client thread/INFO]: [OptiFine] CustomColors: Colormap mcpatcher/colormap/sky0.png
[15:15:26] [Client thread/INFO]: [OptiFine] CustomColors: Colormap mcpatcher/lightmap/world-1.png
[15:15:26] [Client thread/INFO]: [OptiFine] CustomColors: Colormap mcpatcher/lightmap/world0.png
[15:15:26] [Client thread/INFO]: [OptiFine] CustomColors: Colormap mcpatcher/lightmap/world1.png
[15:15:26] [Client thread/INFO]: [OptiFine] CustomColors: Loading mcpatcher/color.properties
[15:15:26] [Client thread/INFO]: [OptiFine] CustomColors: lilypad = 33a127
[15:15:26] [Client thread/INFO]: [OptiFine] CustomColors: text.xpbar = ffd447
[15:15:26] [Client thread/INFO]: [OptiFine] CustomColors: Block colormap: mcpatcher/colormap/blocks/grass.properties
[15:15:26] [Client thread/INFO]: [OptiFine] CustomColors: Block colormap: mcpatcher/colormap/blocks/tallgrass.properties
[15:15:26] [Client thread/INFO]: [OptiFine] CustomSky properties: mcpatcher/sky/world0/sky1.properties
[15:15:26] [Client thread/INFO]: [OptiFine] CustomSky: Texture not found: minecraft:mcpatcher/sky/world0/starfield.png
[15:15:26] [Client thread/INFO]: [OptiFine] CustomSky properties: mcpatcher/sky/world0/sky2.properties
[15:15:26] [Client thread/INFO]: [OptiFine] CustomSky properties: mcpatcher/sky/world0/sky3.properties
[15:15:26] [Client thread/WARN]: [OptiFine] Unknown blend: darken
[15:15:26] [Client thread/INFO]: [OptiFine] CustomSky properties: mcpatcher/sky/world0/sky4.properties
[15:15:26] [Client thread/WARN]: [OptiFine] Unknown blend: darken
[15:15:26] [Client thread/INFO]: [OptiFine] CustomSky properties: mcpatcher/sky/world0/sky5.properties
[15:15:26] [Client thread/INFO]: [OptiFine] CustomSky properties: mcpatcher/sky/world0/sky6.properties
[15:15:26] [Client thread/INFO]: [OptiFine] CustomSky properties: mcpatcher/sky/world0/sky7.properties
[15:15:27] [Client thread/INFO]: [OptiFine] CustomSky properties: mcpatcher/sky/world0/sky8.properties
[15:15:27] [Client thread/WARN]: [OptiFine] Unknown blend: darken
[15:15:27] [Client thread/INFO]: [OptiFine] CustomSky properties: mcpatcher/sky/world0/sky9.properties
[15:15:27] [Client thread/INFO]: [OptiFine] CustomSky properties: mcpatcher/sky/world0/sky10.properties
[15:15:27] [Client thread/INFO]: [OptiFine] CustomSky properties: mcpatcher/sky/world0/sky11.properties
[15:15:27] [Client thread/INFO]: [OptiFine] CustomSky properties: mcpatcher/sky/world0/sky12.properties
[15:15:27] [Client thread/WARN]: [OptiFine] Unknown blend: difference
[15:15:27] [Client thread/INFO]: [OptiFine] CustomSky properties: mcpatcher/sky/world0/sky13.properties
[15:15:27] [Client thread/INFO]: [OptiFine] CustomSky properties: mcpatcher/sky/world0/sky14.properties
[15:15:27] [Client thread/INFO]: [OptiFine] RandomMobs: textures/entity/chicken.png, variants: 5
[15:15:27] [Client thread/INFO]: [OptiFine] RandomMobs: textures/entity/cow/cow.png, variants: 10
[15:15:27] [Client thread/INFO]: [OptiFine] RandomMobs: textures/entity/squid.png, variants: 4
[15:15:27] [Client thread/INFO]: [OptiFine] Enable face culling: acacia_leaves, birch_leaves, dark_oak_leaves, jungle_leaves, oak_leaves, spruce_leaves
[15:15:29] [Thread-10/INFO]: Logging in with username & password
[15:15:30] [Server thread/INFO]: Starting integrated minecraft server version 1.8.8
[15:15:30] [Server thread/INFO]: Generating keypair
[15:15:30] [Server thread/INFO]: Preparing start region for level 0
[15:15:30] [Server thread/INFO]: Changing view distance to 8, from 10
[15:15:30] [Thread-12/INFO]: Logging in with username & password
[15:15:31] [Server thread/INFO]: gemicha[local:E:c67e86bf] logged in with entity id 83 at (-1783.598845273294, 66.0, 1187.271814246414)
[15:15:31] [Server thread/INFO]: gemicha joined the game
[15:15:31] [Client thread/INFO]: [CHAT] A new §eOptiFine§f version is available: §eHD Ultra I7§f
[15:15:34] [Server thread/INFO]: <gemicha> fuck
[15:15:34] [Client thread/INFO]: [CHAT] <gemicha> fuck
[15:15:39] [Server thread/INFO]: <gemicha> shit
[15:15:39] [Client thread/INFO]: [CHAT] <gemicha> shit
[15:30:06] [Client thread/INFO]: [CHAT] Saved screenshot as 2021-04-12_15.30.05.png
[15:32:52] [Server thread/INFO]: [gemicha: Set the time to 1000]
[15:32:52] [Client thread/INFO]: [CHAT] Set the time to 1000
[15:32:55] [Server thread/INFO]: [gemicha: Set the time to 13000]
[15:32:55] [Client thread/INFO]: [CHAT] Set the time to 13000
[15:32:58] [Server thread/INFO]: Saving and pausing game...
[15:32:58] [Server thread/INFO]: Saving chunks for level 'mcpworld'/Overworld
[15:32:58] [Server thread/INFO]: Saving chunks for level 'mcpworld'/Nether
[15:32:58] [Server thread/INFO]: Saving chunks for level 'mcpworld'/The End
[15:33:06] [Server thread/INFO]: Saving and pausing game...
[15:33:06] [Server thread/INFO]: Saving chunks for level 'mcpworld'/Overworld
[15:33:06] [Server thread/INFO]: Saving chunks for level 'mcpworld'/Nether
[15:33:06] [Server thread/INFO]: Saving chunks for level 'mcpworld'/The End
[15:35:57] [Client thread/INFO]: Stopping!
[15:35:57] [Client thread/INFO]: SoundSystem shutting down...
[15:35:57] [Server thread/INFO]: Stopping server
[15:35:57] [Server thread/INFO]: Saving players
[15:35:57] [Server thread/INFO]: Saving worlds
[15:35:57] [Server thread/INFO]: Saving chunks for level 'mcpworld'/Overworld
[15:35:57] [Server thread/INFO]: Saving chunks for level 'mcpworld'/Nether
[15:35:57] [Server thread/INFO]: Saving chunks for level 'mcpworld'/The End
[15:35:57] [Client thread/WARN]: Author: Paul Lamb, www.paulscode.com
