src/minecraft/net/minecraft/tileentity/TileEntity.java:108: warning: [deprecation] newInstance() in Class has been deprecated
                tileentity = (TileEntity)oclass.newInstance();
                                               ^
  where T is a type-variable:
    T extends Object declared in class Class
src/minecraft/net/minecraft/network/EnumConnectionState.java:291: warning: [deprecation] newInstance() in Class has been deprecated
        return oclass == null ? null : (Packet)oclass.newInstance();
                                                     ^
  where T is a type-variable:
    T extends Object declared in class Class
src/minecraft/net/minecraft/network/EnumConnectionState.java:332: warning: [deprecation] newInstance() in Class has been deprecated
                        oclass.newInstance();
                              ^
  where T is a type-variable:
    T extends Object declared in class Class
src/minecraft/net/minecraft/entity/item/EntityMinecart.java:97: warning: [deprecation] Integer(int) in Integer has been deprecated
        this.dataWatcher.addObject(17, new Integer(0));
                                       ^
src/minecraft/net/minecraft/entity/item/EntityMinecart.java:98: warning: [deprecation] Integer(int) in Integer has been deprecated
        this.dataWatcher.addObject(18, new Integer(1));
                                       ^
src/minecraft/net/minecraft/entity/item/EntityMinecart.java:99: warning: [deprecation] Float(float) in Float has been deprecated
        this.dataWatcher.addObject(19, new Float(0.0F));
                                       ^
src/minecraft/net/minecraft/entity/item/EntityMinecart.java:100: warning: [deprecation] Integer(int) in Integer has been deprecated
        this.dataWatcher.addObject(20, new Integer(0));
                                       ^
src/minecraft/net/minecraft/entity/item/EntityMinecart.java:101: warning: [deprecation] Integer(int) in Integer has been deprecated
        this.dataWatcher.addObject(21, new Integer(6));
                                       ^
src/minecraft/net/minecraft/client/resources/FallbackResourceManager.java:122: warning: [deprecation] finalize() in Object has been deprecated
        protected void finalize() throws Throwable
                       ^
src/minecraft/net/minecraft/client/resources/FallbackResourceManager.java:129: warning: [deprecation] finalize() in Object has been deprecated
            super.finalize();
                 ^
src/minecraft/net/minecraft/client/resources/FileResourcePack.java:108: warning: [deprecation] finalize() in Object has been deprecated
    protected void finalize() throws Throwable
                   ^
src/minecraft/net/minecraft/client/resources/FileResourcePack.java:111: warning: [deprecation] finalize() in Object has been deprecated
        super.finalize();
             ^
src/minecraft/net/minecraft/entity/monster/EntityBlaze.java:55: warning: [deprecation] Byte(byte) in Byte has been deprecated
        this.dataWatcher.addObject(16, new Byte((byte)0));
                                       ^
src/minecraft/net/minecraft/entity/monster/EntitySkeleton.java:76: warning: [deprecation] Byte(byte) in Byte has been deprecated
        this.dataWatcher.addObject(13, new Byte((byte)0));
                                       ^
src/minecraft/net/minecraft/entity/item/EntityBoat.java:56: warning: [deprecation] Integer(int) in Integer has been deprecated
        this.dataWatcher.addObject(17, new Integer(0));
                                       ^
src/minecraft/net/minecraft/entity/item/EntityBoat.java:57: warning: [deprecation] Integer(int) in Integer has been deprecated
        this.dataWatcher.addObject(18, new Integer(1));
                                       ^
src/minecraft/net/minecraft/entity/item/EntityBoat.java:58: warning: [deprecation] Float(float) in Float has been deprecated
        this.dataWatcher.addObject(19, new Float(0.0F));
                                       ^
src/minecraft/net/minecraft/entity/monster/EntitySpider.java:67: warning: [deprecation] Byte(byte) in Byte has been deprecated
        this.dataWatcher.addObject(16, new Byte((byte)0));
                                       ^
src/minecraft/net/minecraft/entity/passive/EntityWolf.java:131: warning: [deprecation] Float(float) in Float has been deprecated
        this.dataWatcher.addObject(18, new Float(this.getHealth()));
                                       ^
src/minecraft/net/minecraft/entity/passive/EntityWolf.java:132: warning: [deprecation] Byte(byte) in Byte has been deprecated
        this.dataWatcher.addObject(19, new Byte((byte)0));
                                       ^
src/minecraft/net/minecraft/entity/passive/EntityWolf.java:133: warning: [deprecation] Byte(byte) in Byte has been deprecated
        this.dataWatcher.addObject(20, new Byte((byte)EnumDyeColor.RED.getMetadata()));
                                       ^
src/minecraft/net/minecraft/entity/monster/EntityEnderman.java:84: warning: [deprecation] Short(short) in Short has been deprecated
        this.dataWatcher.addObject(16, new Short((short)0));
                                       ^
src/minecraft/net/minecraft/entity/monster/EntityEnderman.java:85: warning: [deprecation] Byte(byte) in Byte has been deprecated
        this.dataWatcher.addObject(17, new Byte((byte)0));
                                       ^
src/minecraft/net/minecraft/entity/monster/EntityEnderman.java:86: warning: [deprecation] Byte(byte) in Byte has been deprecated
        this.dataWatcher.addObject(18, new Byte((byte)0));
                                       ^
src/minecraft/net/minecraft/entity/passive/EntitySheep.java:111: warning: [deprecation] Byte(byte) in Byte has been deprecated
        this.dataWatcher.addObject(16, new Byte((byte)0));
                                       ^
src/minecraft/net/minecraft/entity/boss/EntityWither.java:79: warning: [deprecation] Integer(int) in Integer has been deprecated
        this.dataWatcher.addObject(17, new Integer(0));
                                       ^
src/minecraft/net/minecraft/entity/boss/EntityWither.java:80: warning: [deprecation] Integer(int) in Integer has been deprecated
        this.dataWatcher.addObject(18, new Integer(0));
                                       ^
src/minecraft/net/minecraft/entity/boss/EntityWither.java:81: warning: [deprecation] Integer(int) in Integer has been deprecated
        this.dataWatcher.addObject(19, new Integer(0));
                                       ^
src/minecraft/net/minecraft/entity/boss/EntityWither.java:82: warning: [deprecation] Integer(int) in Integer has been deprecated
        this.dataWatcher.addObject(20, new Integer(0));
                                       ^
src/minecraft/net/minecraft/entity/passive/EntityBat.java:29: warning: [deprecation] Byte(byte) in Byte has been deprecated
        this.dataWatcher.addObject(16, new Byte((byte)0));
                                       ^
src/minecraft/net/minecraft/world/gen/structure/MapGenStructureIO.java:50: warning: [deprecation] newInstance() in Class has been deprecated
                structurestart = (StructureStart)oclass.newInstance();
                                                       ^
  where T is a type-variable:
    T extends Object declared in class Class
src/minecraft/net/minecraft/world/gen/structure/MapGenStructureIO.java:81: warning: [deprecation] newInstance() in Class has been deprecated
                structurecomponent = (StructureComponent)oclass.newInstance();
                                                               ^
  where T is a type-variable:
    T extends Object declared in class Class
src/minecraft/net/minecraft/entity/item/EntityMinecartFurnace.java:41: warning: [deprecation] Byte(byte) in Byte has been deprecated
        this.dataWatcher.addObject(16, new Byte((byte)0));
                                       ^
Note: Some input files use unchecked or unsafe operations.
Note: Recompile with -Xlint:unchecked for details.
33 warnings
